<?xml version="1.0" encoding="UTF-8"?>
<testsuite name="TwoferTest" tests="5" skipped="0" failures="0" errors="0" timestamp="2017-10-31T19:00:48" hostname="Qs-MacBook-Pro.local" time="0.002">
  <properties/>
  <testcase name="numbersInStringRejected" classname="TwoferTest" time="0.001"/>
  <testcase name="noNameGiven" classname="TwoferTest" time="0.0"/>
  <testcase name="emptyStringGiven" classname="TwoferTest" time="0.001"/>
  <testcase name="aNameGiven" classname="TwoferTest" time="0.0"/>
  <testcase name="anotherNameGiven" classname="TwoferTest" time="0.0"/>
  <system-out><![CDATA[]]></system-out>
  <system-err><![CDATA[]]></system-err>
</testsuite>
